14:30:40 **** Incremental Build of configuration Nios II for project vip ****
make all 
Info: Building ../vip_bsp/
J:/intelFPGA/16.1/nios2eds/bin/gnu/H-x86_64-mingw32/bin/make --no-print-directory -C ../vip_bsp/
Compiling alt_alarm_start.c...
nios2-elf-gcc -xc -MP -MMD -c  -I./HAL/inc -I. -I./drivers/inc -pipe -D__hal__ -DALT_NO_INSTRUCTION_EMULATION -DALT_SINGLE_THREADED    -O0 -g -Wall  -mno-hw-div -mhw-mul -mno-hw-mulx -mgpopt=global   -o obj/HAL/src/alt_alarm_start.o HAL/src/alt_alarm_start.c
Compiling alt_busy_sleep.c...
nios2-elf-gcc -xc -MP -MMD -c  -I./HAL/inc -I. -I./drivers/inc -pipe -D__hal__ -DALT_NO_INSTRUCTION_EMULATION -DALT_SINGLE_THREADED    -O0 -g -Wall  -mno-hw-div -mhw-mul -mno-hw-mulx -mgpopt=global   -o obj/HAL/src/alt_busy_sleep.o HAL/src/alt_busy_sleep.c
Compiling alt_close.c...
nios2-elf-gcc -xc -MP -MMD -c  -I./HAL/inc -I. -I./drivers/inc -pipe -D__hal__ -DALT_NO_INSTRUCTION_EMULATION -DALT_SINGLE_THREADED    -O0 -g -Wall  -mno-hw-div -mhw-mul -mno-hw-mulx -mgpopt=global   -o obj/HAL/src/alt_close.o HAL/src/alt_close.c
Compiling alt_dcache_flush.c...
nios2-elf-gcc -xc -MP -MMD -c  -I./HAL/inc -I. -I./drivers/inc -pipe -D__hal__ -DALT_NO_INSTRUCTION_EMULATION -DALT_SINGLE_THREADED    -O0 -g -Wall  -mno-hw-div -mhw-mul -mno-hw-mulx -mgpopt=global   -o obj/HAL/src/alt_dcache_flush.o HAL/src/alt_dcache_flush.c
Compiling alt_dcache_flush_all.c...
nios2-elf-gcc -xc -MP -MMD -c  -I./HAL/inc -I. -I./drivers/inc -pipe -D__hal__ -DALT_NO_INSTRUCTION_EMULATION -DALT_SINGLE_THREADED    -O0 -g -Wall  -mno-hw-div -mhw-mul -mno-hw-mulx -mgpopt=global   -o obj/HAL/src/alt_dcache_flush_all.o HAL/src/alt_dcache_flush_all.c
Compiling alt_dcache_flush_no_writeback.c...
nios2-elf-gcc -xc -MP -MMD -c  -I./HAL/inc -I. -I./drivers/inc -pipe -D__hal__ -DALT_NO_INSTRUCTION_EMULATION -DALT_SINGLE_THREADED    -O0 -g -Wall  -mno-hw-div -mhw-mul -mno-hw-mulx -mgpopt=global   -o obj/HAL/src/alt_dcache_flush_no_writeback.o HAL/src/alt_dcache_flush_no_writeback.c
Compiling alt_dev.c...
nios2-elf-gcc -xc -MP -MMD -c  -I./HAL/inc -I. -I./drivers/inc -pipe -D__hal__ -DALT_NO_INSTRUCTION_EMULATION -DALT_SINGLE_THREADED    -O0 -g -Wall  -mno-hw-div -mhw-mul -mno-hw-mulx -mgpopt=global   -o obj/HAL/src/alt_dev.o HAL/src/alt_dev.c
Compiling alt_dev_llist_insert.c...
nios2-elf-gcc -xc -MP -MMD -c  -I./HAL/inc -I. -I./drivers/inc -pipe -D__hal__ -DALT_NO_INSTRUCTION_EMULATION -DALT_SINGLE_THREADED    -O0 -g -Wall  -mno-hw-div -mhw-mul -mno-hw-mulx -mgpopt=global   -o obj/HAL/src/alt_dev_llist_insert.o HAL/src/alt_dev_llist_insert.c
Compiling alt_dma_rxchan_open.c...
nios2-elf-gcc -xc -MP -MMD -c  -I./HAL/inc -I. -I./drivers/inc -pipe -D__hal__ -DALT_NO_INSTRUCTION_EMULATION -DALT_SINGLE_THREADED    -O0 -g -Wall  -mno-hw-div -mhw-mul -mno-hw-mulx -mgpopt=global   -o obj/HAL/src/alt_dma_rxchan_open.o HAL/src/alt_dma_rxchan_open.c
Compiling alt_dma_txchan_open.c...
nios2-elf-gcc -xc -MP -MMD -c  -I./HAL/inc -I. -I./drivers/inc -pipe -D__hal__ -DALT_NO_INSTRUCTION_EMULATION -DALT_SINGLE_THREADED    -O0 -g -Wall  -mno-hw-div -mhw-mul -mno-hw-mulx -mgpopt=global   -o obj/HAL/src/alt_dma_txchan_open.o HAL/src/alt_dma_txchan_open.c
Compiling alt_do_ctors.c...
nios2-elf-gcc -xc -MP -MMD -c  -I./HAL/inc -I. -I./drivers/inc -pipe -D__hal__ -DALT_NO_INSTRUCTION_EMULATION -DALT_SINGLE_THREADED    -O0 -g -Wall  -mno-hw-div -mhw-mul -mno-hw-mulx -mgpopt=global   -o obj/HAL/src/alt_do_ctors.o HAL/src/alt_do_ctors.c
Compiling alt_do_dtors.c...
nios2-elf-gcc -xc -MP -MMD -c  -I./HAL/inc -I. -I./drivers/inc -pipe -D__hal__ -DALT_NO_INSTRUCTION_EMULATION -DALT_SINGLE_THREADED    -O0 -g -Wall  -mno-hw-div -mhw-mul -mno-hw-mulx -mgpopt=global   -o obj/HAL/src/alt_do_dtors.o HAL/src/alt_do_dtors.c
Compiling alt_ecc_fatal_entry.S...
nios2-elf-gcc -MP -MMD -c   -O0 -g -Wall  -mno-hw-div -mhw-mul -mno-hw-mulx -mgpopt=global    -I./HAL/inc -I. -I./drivers/inc -pipe -D__hal__ -DALT_NO_INSTRUCTION_EMULATION -DALT_SINGLE_THREADED  -Wa,-gdwarf2  -o obj/HAL/src/alt_ecc_fatal_entry.o HAL/src/alt_ecc_fatal_entry.S
Compiling alt_ecc_fatal_exception.c...
nios2-elf-gcc -xc -MP -MMD -c  -I./HAL/inc -I. -I./drivers/inc -pipe -D__hal__ -DALT_NO_INSTRUCTION_EMULATION -DALT_SINGLE_THREADED    -O0 -g -Wall  -mno-hw-div -mhw-mul -mno-hw-mulx -mgpopt=global   -o obj/HAL/src/alt_ecc_fatal_exception.o HAL/src/alt_ecc_fatal_exception.c
Compiling alt_env_lock.c...
nios2-elf-gcc -xc -MP -MMD -c  -I./HAL/inc -I. -I./drivers/inc -pipe -D__hal__ -DALT_NO_INSTRUCTION_EMULATION -DALT_SINGLE_THREADED    -O0 -g -Wall  -mno-hw-div -mhw-mul -mno-hw-mulx -mgpopt=global   -o obj/HAL/src/alt_env_lock.o HAL/src/alt_env_lock.c
Compiling alt_environ.c...
nios2-elf-gcc -xc -MP -MMD -c  -I./HAL/inc -I. -I./drivers/inc -pipe -D__hal__ -DALT_NO_INSTRUCTION_EMULATION -DALT_SINGLE_THREADED    -O0 -g -Wall  -mno-hw-div -mhw-mul -mno-hw-mulx -mgpopt=global   -o obj/HAL/src/alt_environ.o HAL/src/alt_environ.c
Compiling alt_errno.c...
nios2-elf-gcc -xc -MP -MMD -c  -I./HAL/inc -I. -I./drivers/inc -pipe -D__hal__ -DALT_NO_INSTRUCTION_EMULATION -DALT_SINGLE_THREADED    -O0 -g -Wall  -mno-hw-div -mhw-mul -mno-hw-mulx -mgpopt=global   -o obj/HAL/src/alt_errno.o HAL/src/alt_errno.c
Compiling alt_exception_entry.S...
nios2-elf-gcc -MP -MMD -c   -O0 -g -Wall  -mno-hw-div -mhw-mul -mno-hw-mulx -mgpopt=global    -I./HAL/inc -I. -I./drivers/inc -pipe -D__hal__ -DALT_NO_INSTRUCTION_EMULATION -DALT_SINGLE_THREADED  -Wa,-gdwarf2  -o obj/HAL/src/alt_exception_entry.o HAL/src/alt_exception_entry.S
Compiling alt_exception_muldiv.S...
nios2-elf-gcc -MP -MMD -c   -O0 -g -Wall  -mno-hw-div -mhw-mul -mno-hw-mulx -mgpopt=global    -I./HAL/inc -I. -I./drivers/inc -pipe -D__hal__ -DALT_NO_INSTRUCTION_EMULATION -DALT_SINGLE_THREADED  -Wa,-gdwarf2  -o obj/HAL/src/alt_exception_muldiv.o HAL/src/alt_exception_muldiv.S
Compiling alt_exception_trap.S...
nios2-elf-gcc -MP -MMD -c   -O0 -g -Wall  -mno-hw-div -mhw-mul -mno-hw-mulx -mgpopt=global    -I./HAL/inc -I. -I./drivers/inc -pipe -D__hal__ -DALT_NO_INSTRUCTION_EMULATION -DALT_SINGLE_THREADED  -Wa,-gdwarf2  -o obj/HAL/src/alt_exception_trap.o HAL/src/alt_exception_trap.S
Compiling alt_execve.c...
nios2-elf-gcc -xc -MP -MMD -c  -I./HAL/inc -I. -I./drivers/inc -pipe -D__hal__ -DALT_NO_INSTRUCTION_EMULATION -DALT_SINGLE_THREADED    -O0 -g -Wall  -mno-hw-div -mhw-mul -mno-hw-mulx -mgpopt=global   -o obj/HAL/src/alt_execve.o HAL/src/alt_execve.c
Compiling alt_exit.c...
nios2-elf-gcc -xc -MP -MMD -c  -I./HAL/inc -I. -I./drivers/inc -pipe -D__hal__ -DALT_NO_INSTRUCTION_EMULATION -DALT_SINGLE_THREADED    -O0 -g -Wall  -mno-hw-div -mhw-mul -mno-hw-mulx -mgpopt=global   -o obj/HAL/src/alt_exit.o HAL/src/alt_exit.c
Compiling alt_fcntl.c...
nios2-elf-gcc -xc -MP -MMD -c  -I./HAL/inc -I. -I./drivers/inc -pipe -D__hal__ -DALT_NO_INSTRUCTION_EMULATION -DALT_SINGLE_THREADED    -O0 -g -Wall  -mno-hw-div -mhw-mul -mno-hw-mulx -mgpopt=global   -o obj/HAL/src/alt_fcntl.o HAL/src/alt_fcntl.c
Compiling alt_fd_lock.c...
nios2-elf-gcc -xc -MP -MMD -c  -I./HAL/inc -I. -I./drivers/inc -pipe -D__hal__ -DALT_NO_INSTRUCTION_EMULATION -DALT_SINGLE_THREADED    -O0 -g -Wall  -mno-hw-div -mhw-mul -mno-hw-mulx -mgpopt=global   -o obj/HAL/src/alt_fd_lock.o HAL/src/alt_fd_lock.c
Compiling alt_fd_unlock.c...
nios2-elf-gcc -xc -MP -MMD -c  -I./HAL/inc -I. -I./drivers/inc -pipe -D__hal__ -DALT_NO_INSTRUCTION_EMULATION -DALT_SINGLE_THREADED    -O0 -g -Wall  -mno-hw-div -mhw-mul -mno-hw-mulx -mgpopt=global   -o obj/HAL/src/alt_fd_unlock.o HAL/src/alt_fd_unlock.c
Compiling alt_find_dev.c...
nios2-elf-gcc -xc -MP -MMD -c  -I./HAL/inc -I. -I./drivers/inc -pipe -D__hal__ -DALT_NO_INSTRUCTION_EMULATION -DALT_SINGLE_THREADED    -O0 -g -Wall  -mno-hw-div -mhw-mul -mno-hw-mulx -mgpopt=global   -o obj/HAL/src/alt_find_dev.o HAL/src/alt_find_dev.c
Compiling alt_find_file.c...
nios2-elf-gcc -xc -MP -MMD -c  -I./HAL/inc -I. -I./drivers/inc -pipe -D__hal__ -DALT_NO_INSTRUCTION_EMULATION -DALT_SINGLE_THREADED    -O0 -g -Wall  -mno-hw-div -mhw-mul -mno-hw-mulx -mgpopt=global   -o obj/HAL/src/alt_find_file.o HAL/src/alt_find_file.c
Compiling alt_flash_dev.c...
nios2-elf-gcc -xc -MP -MMD -c  -I./HAL/inc -I. -I./drivers/inc -pipe -D__hal__ -DALT_NO_INSTRUCTION_EMULATION -DALT_SINGLE_THREADED    -O0 -g -Wall  -mno-hw-div -mhw-mul -mno-hw-mulx -mgpopt=global   -o obj/HAL/src/alt_flash_dev.o HAL/src/alt_flash_dev.c
Compiling alt_fork.c...
nios2-elf-gcc -xc -MP -MMD -c  -I./HAL/inc -I. -I./drivers/inc -pipe -D__hal__ -DALT_NO_INSTRUCTION_EMULATION -DALT_SINGLE_THREADED    -O0 -g -Wall  -mno-hw-div -mhw-mul -mno-hw-mulx -mgpopt=global   -o obj/HAL/src/alt_fork.o HAL/src/alt_fork.c
Compiling alt_fs_reg.c...
nios2-elf-gcc -xc -MP -MMD -c  -I./HAL/inc -I. -I./drivers/inc -pipe -D__hal__ -DALT_NO_INSTRUCTION_EMULATION -DALT_SINGLE_THREADED    -O0 -g -Wall  -mno-hw-div -mhw-mul -mno-hw-mulx -mgpopt=global   -o obj/HAL/src/alt_fs_reg.o HAL/src/alt_fs_reg.c
Compiling alt_fstat.c...
nios2-elf-gcc -xc -MP -MMD -c  -I./HAL/inc -I. -I./drivers/inc -pipe -D__hal__ -DALT_NO_INSTRUCTION_EMULATION -DALT_SINGLE_THREADED    -O0 -g -Wall  -mno-hw-div -mhw-mul -mno-hw-mulx -mgpopt=global   -o obj/HAL/src/alt_fstat.o HAL/src/alt_fstat.c
Compiling alt_get_fd.c...
nios2-elf-gcc -xc -MP -MMD -c  -I./HAL/inc -I. -I./drivers/inc -pipe -D__hal__ -DALT_NO_INSTRUCTION_EMULATION -DALT_SINGLE_THREADED    -O0 -g -Wall  -mno-hw-div -mhw-mul -mno-hw-mulx -mgpopt=global   -o obj/HAL/src/alt_get_fd.o HAL/src/alt_get_fd.c
Compiling alt_getchar.c...
nios2-elf-gcc -xc -MP -MMD -c  -I./HAL/inc -I. -I./drivers/inc -pipe -D__hal__ -DALT_NO_INSTRUCTION_EMULATION -DALT_SINGLE_THREADED    -O0 -g -Wall  -mno-hw-div -mhw-mul -mno-hw-mulx -mgpopt=global   -o obj/HAL/src/alt_getchar.o HAL/src/alt_getchar.c
Compiling alt_getpid.c...
nios2-elf-gcc -xc -MP -MMD -c  -I./HAL/inc -I. -I./drivers/inc -pipe -D__hal__ -DALT_NO_INSTRUCTION_EMULATION -DALT_SINGLE_THREADED    -O0 -g -Wall  -mno-hw-div -mhw-mul -mno-hw-mulx -mgpopt=global   -o obj/HAL/src/alt_getpid.o HAL/src/alt_getpid.c
Compiling alt_gettod.c...
nios2-elf-gcc -xc -MP -MMD -c  -I./HAL/inc -I. -I./drivers/inc -pipe -D__hal__ -DALT_NO_INSTRUCTION_EMULATION -DALT_SINGLE_THREADED    -O0 -g -Wall  -mno-hw-div -mhw-mul -mno-hw-mulx -mgpopt=global   -o obj/HAL/src/alt_gettod.o HAL/src/alt_gettod.c
Compiling alt_gmon.c...
nios2-elf-gcc -xc -MP -MMD -c  -I./HAL/inc -I. -I./drivers/inc -pipe -D__hal__ -DALT_NO_INSTRUCTION_EMULATION -DALT_SINGLE_THREADED    -O0 -g -Wall  -mno-hw-div -mhw-mul -mno-hw-mulx -mgpopt=global   -o obj/HAL/src/alt_gmon.o HAL/src/alt_gmon.c
Compiling alt_icache_flush.c...
nios2-elf-gcc -xc -MP -MMD -c  -I./HAL/inc -I. -I./drivers/inc -pipe -D__hal__ -DALT_NO_INSTRUCTION_EMULATION -DALT_SINGLE_THREADED    -O0 -g -Wall  -mno-hw-div -mhw-mul -mno-hw-mulx -mgpopt=global   -o obj/HAL/src/alt_icache_flush.o HAL/src/alt_icache_flush.c
Compiling alt_icache_flush_all.c...
nios2-elf-gcc -xc -MP -MMD -c  -I./HAL/inc -I. -I./drivers/inc -pipe -D__hal__ -DALT_NO_INSTRUCTION_EMULATION -DALT_SINGLE_THREADED    -O0 -g -Wall  -mno-hw-div -mhw-mul -mno-hw-mulx -mgpopt=global   -o obj/HAL/src/alt_icache_flush_all.o HAL/src/alt_icache_flush_all.c
Compiling alt_iic.c...
nios2-elf-gcc -xc -MP -MMD -c  -I./HAL/inc -I. -I./drivers/inc -pipe -D__hal__ -DALT_NO_INSTRUCTION_EMULATION -DALT_SINGLE_THREADED    -O0 -g -Wall  -mno-hw-div -mhw-mul -mno-hw-mulx -mgpopt=global   -o obj/HAL/src/alt_iic.o HAL/src/alt_iic.c
Compiling alt_iic_isr_register.c...
nios2-elf-gcc -xc -MP -MMD -c  -I./HAL/inc -I. -I./drivers/inc -pipe -D__hal__ -DALT_NO_INSTRUCTION_EMULATION -DALT_SINGLE_THREADED    -O0 -g -Wall  -mno-hw-div -mhw-mul -mno-hw-mulx -mgpopt=global   -o obj/HAL/src/alt_iic_isr_register.o HAL/src/alt_iic_isr_register.c
Compiling alt_instruction_exception_entry.c...
nios2-elf-gcc -xc -MP -MMD -c  -I./HAL/inc -I. -I./drivers/inc -pipe -D__hal__ -DALT_NO_INSTRUCTION_EMULATION -DALT_SINGLE_THREADED    -O0 -g -Wall  -mno-hw-div -mhw-mul -mno-hw-mulx -mgpopt=global   -o obj/HAL/src/alt_instruction_exception_entry.o HAL/src/alt_instruction_exception_entry.c
Compiling alt_instruction_exception_register.c...
nios2-elf-gcc -xc -MP -MMD -c  -I./HAL/inc -I. -I./drivers/inc -pipe -D__hal__ -DALT_NO_INSTRUCTION_EMULATION -DALT_SINGLE_THREADED    -O0 -g -Wall  -mno-hw-div -mhw-mul -mno-hw-mulx -mgpopt=global   -o obj/HAL/src/alt_instruction_exception_register.o HAL/src/alt_instruction_exception_register.c
Compiling alt_io_redirect.c...
nios2-elf-gcc -xc -MP -MMD -c  -I./HAL/inc -I. -I./drivers/inc -pipe -D__hal__ -DALT_NO_INSTRUCTION_EMULATION -DALT_SINGLE_THREADED    -O0 -g -Wall  -mno-hw-div -mhw-mul -mno-hw-mulx -mgpopt=global   -o obj/HAL/src/alt_io_redirect.o HAL/src/alt_io_redirect.c
Compiling alt_ioctl.c...
nios2-elf-gcc -xc -MP -MMD -c  -I./HAL/inc -I. -I./drivers/inc -pipe -D__hal__ -DALT_NO_INSTRUCTION_EMULATION -DALT_SINGLE_THREADED    -O0 -g -Wall  -mno-hw-div -mhw-mul -mno-hw-mulx -mgpopt=global   -o obj/HAL/src/alt_ioctl.o HAL/src/alt_ioctl.c
Compiling alt_irq_entry.S...
nios2-elf-gcc -MP -MMD -c   -O0 -g -Wall  -mno-hw-div -mhw-mul -mno-hw-mulx -mgpopt=global    -I./HAL/inc -I. -I./drivers/inc -pipe -D__hal__ -DALT_NO_INSTRUCTION_EMULATION -DALT_SINGLE_THREADED  -Wa,-gdwarf2  -o obj/HAL/src/alt_irq_entry.o HAL/src/alt_irq_entry.S
Compiling alt_irq_handler.c...
nios2-elf-gcc -xc -MP -MMD -c  -I./HAL/inc -I. -I./drivers/inc -pipe -D__hal__ -DALT_NO_INSTRUCTION_EMULATION -DALT_SINGLE_THREADED    -O0 -g -Wall  -mno-hw-div -mhw-mul -mno-hw-mulx -mgpopt=global   -o obj/HAL/src/alt_irq_handler.o HAL/src/alt_irq_handler.c
Compiling alt_irq_register.c...
nios2-elf-gcc -xc -MP -MMD -c  -I./HAL/inc -I. -I./drivers/inc -pipe -D__hal__ -DALT_NO_INSTRUCTION_EMULATION -DALT_SINGLE_THREADED    -O0 -g -Wall  -mno-hw-div -mhw-mul -mno-hw-mulx -mgpopt=global   -o obj/HAL/src/alt_irq_register.o HAL/src/alt_irq_register.c
Compiling alt_irq_vars.c...
nios2-elf-gcc -xc -MP -MMD -c  -I./HAL/inc -I. -I./drivers/inc -pipe -D__hal__ -DALT_NO_INSTRUCTION_EMULATION -DALT_SINGLE_THREADED    -O0 -g -Wall  -mno-hw-div -mhw-mul -mno-hw-mulx -mgpopt=global   -o obj/HAL/src/alt_irq_vars.o HAL/src/alt_irq_vars.c
Compiling alt_isatty.c...
nios2-elf-gcc -xc -MP -MMD -c  -I./HAL/inc -I. -I./drivers/inc -pipe -D__hal__ -DALT_NO_INSTRUCTION_EMULATION -DALT_SINGLE_THREADED    -O0 -g -Wall  -mno-hw-div -mhw-mul -mno-hw-mulx -mgpopt=global   -o obj/HAL/src/alt_isatty.o HAL/src/alt_isatty.c
Compiling alt_kill.c...
nios2-elf-gcc -xc -MP -MMD -c  -I./HAL/inc -I. -I./drivers/inc -pipe -D__hal__ -DALT_NO_INSTRUCTION_EMULATION -DALT_SINGLE_THREADED    -O0 -g -Wall  -mno-hw-div -mhw-mul -mno-hw-mulx -mgpopt=global   -o obj/HAL/src/alt_kill.o HAL/src/alt_kill.c
Compiling alt_link.c...
nios2-elf-gcc -xc -MP -MMD -c  -I./HAL/inc -I. -I./drivers/inc -pipe -D__hal__ -DALT_NO_INSTRUCTION_EMULATION -DALT_SINGLE_THREADED    -O0 -g -Wall  -mno-hw-div -mhw-mul -mno-hw-mulx -mgpopt=global   -o obj/HAL/src/alt_link.o HAL/src/alt_link.c
Compiling alt_load.c...
nios2-elf-gcc -xc -MP -MMD -c  -I./HAL/inc -I. -I./drivers/inc -pipe -D__hal__ -DALT_NO_INSTRUCTION_EMULATION -DALT_SINGLE_THREADED    -O0 -g -Wall  -mno-hw-div -mhw-mul -mno-hw-mulx -mgpopt=global   -o obj/HAL/src/alt_load.o HAL/src/alt_load.c
Compiling alt_log_macro.S...
nios2-elf-gcc -MP -MMD -c   -O0 -g -Wall  -mno-hw-div -mhw-mul -mno-hw-mulx -mgpopt=global    -I./HAL/inc -I. -I./drivers/inc -pipe -D__hal__ -DALT_NO_INSTRUCTION_EMULATION -DALT_SINGLE_THREADED  -Wa,-gdwarf2  -o obj/HAL/src/alt_log_macro.o HAL/src/alt_log_macro.S
Compiling alt_log_printf.c...
nios2-elf-gcc -xc -MP -MMD -c  -I./HAL/inc -I. -I./drivers/inc -pipe -D__hal__ -DALT_NO_INSTRUCTION_EMULATION -DALT_SINGLE_THREADED    -O0 -g -Wall  -mno-hw-div -mhw-mul -mno-hw-mulx -mgpopt=global   -o obj/HAL/src/alt_log_printf.o HAL/src/alt_log_printf.c
Compiling alt_lseek.c...
nios2-elf-gcc -xc -MP -MMD -c  -I./HAL/inc -I. -I./drivers/inc -pipe -D__hal__ -DALT_NO_INSTRUCTION_EMULATION -DALT_SINGLE_THREADED    -O0 -g -Wall  -mno-hw-div -mhw-mul -mno-hw-mulx -mgpopt=global   -o obj/HAL/src/alt_lseek.o HAL/src/alt_lseek.c
Compiling alt_main.c...
nios2-elf-gcc -xc -MP -MMD -c  -I./HAL/inc -I. -I./drivers/inc -pipe -D__hal__ -DALT_NO_INSTRUCTION_EMULATION -DALT_SINGLE_THREADED    -O0 -g -Wall  -mno-hw-div -mhw-mul -mno-hw-mulx -mgpopt=global   -o obj/HAL/src/alt_main.o HAL/src/alt_main.c
Compiling alt_malloc_lock.c...
nios2-elf-gcc -xc -MP -MMD -c  -I./HAL/inc -I. -I./drivers/inc -pipe -D__hal__ -DALT_NO_INSTRUCTION_EMULATION -DALT_SINGLE_THREADED    -O0 -g -Wall  -mno-hw-div -mhw-mul -mno-hw-mulx -mgpopt=global   -o obj/HAL/src/alt_malloc_lock.o HAL/src/alt_malloc_lock.c
Compiling alt_mcount.S...
nios2-elf-gcc -MP -MMD -c   -O0 -g -Wall  -mno-hw-div -mhw-mul -mno-hw-mulx -mgpopt=global    -I./HAL/inc -I. -I./drivers/inc -pipe -D__hal__ -DALT_NO_INSTRUCTION_EMULATION -DALT_SINGLE_THREADED  -Wa,-gdwarf2  -o obj/HAL/src/alt_mcount.o HAL/src/alt_mcount.S
Compiling alt_open.c...
nios2-elf-gcc -xc -MP -MMD -c  -I./HAL/inc -I. -I./drivers/inc -pipe -D__hal__ -DALT_NO_INSTRUCTION_EMULATION -DALT_SINGLE_THREADED    -O0 -g -Wall  -mno-hw-div -mhw-mul -mno-hw-mulx -mgpopt=global   -o obj/HAL/src/alt_open.o HAL/src/alt_open.c
Compiling alt_printf.c...
nios2-elf-gcc -xc -MP -MMD -c  -I./HAL/inc -I. -I./drivers/inc -pipe -D__hal__ -DALT_NO_INSTRUCTION_EMULATION -DALT_SINGLE_THREADED    -O0 -g -Wall  -mno-hw-div -mhw-mul -mno-hw-mulx -mgpopt=global   -o obj/HAL/src/alt_printf.o HAL/src/alt_printf.c
Compiling alt_putchar.c...
nios2-elf-gcc -xc -MP -MMD -c  -I./HAL/inc -I. -I./drivers/inc -pipe -D__hal__ -DALT_NO_INSTRUCTION_EMULATION -DALT_SINGLE_THREADED    -O0 -g -Wall  -mno-hw-div -mhw-mul -mno-hw-mulx -mgpopt=global   -o obj/HAL/src/alt_putchar.o HAL/src/alt_putchar.c
Compiling alt_putcharbuf.c...
nios2-elf-gcc -xc -MP -MMD -c  -I./HAL/inc -I. -I./drivers/inc -pipe -D__hal__ -DALT_NO_INSTRUCTION_EMULATION -DALT_SINGLE_THREADED    -O0 -g -Wall  -mno-hw-div -mhw-mul -mno-hw-mulx -mgpopt=global   -o obj/HAL/src/alt_putcharbuf.o HAL/src/alt_putcharbuf.c
Compiling alt_putstr.c...
nios2-elf-gcc -xc -MP -MMD -c  -I./HAL/inc -I. -I./drivers/inc -pipe -D__hal__ -DALT_NO_INSTRUCTION_EMULATION -DALT_SINGLE_THREADED    -O0 -g -Wall  -mno-hw-div -mhw-mul -mno-hw-mulx -mgpopt=global   -o obj/HAL/src/alt_putstr.o HAL/src/alt_putstr.c
Compiling alt_read.c...
nios2-elf-gcc -xc -MP -MMD -c  -I./HAL/inc -I. -I./drivers/inc -pipe -D__hal__ -DALT_NO_INSTRUCTION_EMULATION -DALT_SINGLE_THREADED    -O0 -g -Wall  -mno-hw-div -mhw-mul -mno-hw-mulx -mgpopt=global   -o obj/HAL/src/alt_read.o HAL/src/alt_read.c
Compiling alt_release_fd.c...
nios2-elf-gcc -xc -MP -MMD -c  -I./HAL/inc -I. -I./drivers/inc -pipe -D__hal__ -DALT_NO_INSTRUCTION_EMULATION -DALT_SINGLE_THREADED    -O0 -g -Wall  -mno-hw-div -mhw-mul -mno-hw-mulx -mgpopt=global   -o obj/HAL/src/alt_release_fd.o HAL/src/alt_release_fd.c
Compiling alt_remap_cached.c...
nios2-elf-gcc -xc -MP -MMD -c  -I./HAL/inc -I. -I./drivers/inc -pipe -D__hal__ -DALT_NO_INSTRUCTION_EMULATION -DALT_SINGLE_THREADED    -O0 -g -Wall  -mno-hw-div -mhw-mul -mno-hw-mulx -mgpopt=global   -o obj/HAL/src/alt_remap_cached.o HAL/src/alt_remap_cached.c
Compiling alt_remap_uncached.c...
nios2-elf-gcc -xc -MP -MMD -c  -I./HAL/inc -I. -I./drivers/inc -pipe -D__hal__ -DALT_NO_INSTRUCTION_EMULATION -DALT_SINGLE_THREADED    -O0 -g -Wall  -mno-hw-div -mhw-mul -mno-hw-mulx -mgpopt=global   -o obj/HAL/src/alt_remap_uncached.o HAL/src/alt_remap_uncached.c
Compiling alt_rename.c...
nios2-elf-gcc -xc -MP -MMD -c  -I./HAL/inc -I. -I./drivers/inc -pipe -D__hal__ -DALT_NO_INSTRUCTION_EMULATION -DALT_SINGLE_THREADED    -O0 -g -Wall  -mno-hw-div -mhw-mul -mno-hw-mulx -mgpopt=global   -o obj/HAL/src/alt_rename.o HAL/src/alt_rename.c
Compiling alt_sbrk.c...
nios2-elf-gcc -xc -MP -MMD -c  -I./HAL/inc -I. -I./drivers/inc -pipe -D__hal__ -DALT_NO_INSTRUCTION_EMULATION -DALT_SINGLE_THREADED    -O0 -g -Wall  -mno-hw-div -mhw-mul -mno-hw-mulx -mgpopt=global   -o obj/HAL/src/alt_sbrk.o HAL/src/alt_sbrk.c
Compiling alt_settod.c...
nios2-elf-gcc -xc -MP -MMD -c  -I./HAL/inc -I. -I./drivers/inc -pipe -D__hal__ -DALT_NO_INSTRUCTION_EMULATION -DALT_SINGLE_THREADED    -O0 -g -Wall  -mno-hw-div -mhw-mul -mno-hw-mulx -mgpopt=global   -o obj/HAL/src/alt_settod.o HAL/src/alt_settod.c
Compiling alt_software_exception.S...
nios2-elf-gcc -MP -MMD -c   -O0 -g -Wall  -mno-hw-div -mhw-mul -mno-hw-mulx -mgpopt=global    -I./HAL/inc -I. -I./drivers/inc -pipe -D__hal__ -DALT_NO_INSTRUCTION_EMULATION -DALT_SINGLE_THREADED  -Wa,-gdwarf2  -o obj/HAL/src/alt_software_exception.o HAL/src/alt_software_exception.S
Compiling alt_stat.c...
nios2-elf-gcc -xc -MP -MMD -c  -I./HAL/inc -I. -I./drivers/inc -pipe -D__hal__ -DALT_NO_INSTRUCTION_EMULATION -DALT_SINGLE_THREADED    -O0 -g -Wall  -mno-hw-div -mhw-mul -mno-hw-mulx -mgpopt=global   -o obj/HAL/src/alt_stat.o HAL/src/alt_stat.c
Compiling alt_tick.c...
nios2-elf-gcc -xc -MP -MMD -c  -I./HAL/inc -I. -I./drivers/inc -pipe -D__hal__ -DALT_NO_INSTRUCTION_EMULATION -DALT_SINGLE_THREADED    -O0 -g -Wall  -mno-hw-div -mhw-mul -mno-hw-mulx -mgpopt=global   -o obj/HAL/src/alt_tick.o HAL/src/alt_tick.c
Compiling alt_times.c...
nios2-elf-gcc -xc -MP -MMD -c  -I./HAL/inc -I. -I./drivers/inc -pipe -D__hal__ -DALT_NO_INSTRUCTION_EMULATION -DALT_SINGLE_THREADED    -O0 -g -Wall  -mno-hw-div -mhw-mul -mno-hw-mulx -mgpopt=global   -o obj/HAL/src/alt_times.o HAL/src/alt_times.c
Compiling alt_uncached_free.c...
nios2-elf-gcc -xc -MP -MMD -c  -I./HAL/inc -I. -I./drivers/inc -pipe -D__hal__ -DALT_NO_INSTRUCTION_EMULATION -DALT_SINGLE_THREADED    -O0 -g -Wall  -mno-hw-div -mhw-mul -mno-hw-mulx -mgpopt=global   -o obj/HAL/src/alt_uncached_free.o HAL/src/alt_uncached_free.c
Compiling alt_uncached_malloc.c...
nios2-elf-gcc -xc -MP -MMD -c  -I./HAL/inc -I. -I./drivers/inc -pipe -D__hal__ -DALT_NO_INSTRUCTION_EMULATION -DALT_SINGLE_THREADED    -O0 -g -Wall  -mno-hw-div -mhw-mul -mno-hw-mulx -mgpopt=global   -o obj/HAL/src/alt_uncached_malloc.o HAL/src/alt_uncached_malloc.c
Compiling alt_unlink.c...
nios2-elf-gcc -xc -MP -MMD -c  -I./HAL/inc -I. -I./drivers/inc -pipe -D__hal__ -DALT_NO_INSTRUCTION_EMULATION -DALT_SINGLE_THREADED    -O0 -g -Wall  -mno-hw-div -mhw-mul -mno-hw-mulx -mgpopt=global   -o obj/HAL/src/alt_unlink.o HAL/src/alt_unlink.c
Compiling alt_usleep.c...
nios2-elf-gcc -xc -MP -MMD -c  -I./HAL/inc -I. -I./drivers/inc -pipe -D__hal__ -DALT_NO_INSTRUCTION_EMULATION -DALT_SINGLE_THREADED    -O0 -g -Wall  -mno-hw-div -mhw-mul -mno-hw-mulx -mgpopt=global   -o obj/HAL/src/alt_usleep.o HAL/src/alt_usleep.c
Compiling alt_wait.c...
nios2-elf-gcc -xc -MP -MMD -c  -I./HAL/inc -I. -I./drivers/inc -pipe -D__hal__ -DALT_NO_INSTRUCTION_EMULATION -DALT_SINGLE_THREADED    -O0 -g -Wall  -mno-hw-div -mhw-mul -mno-hw-mulx -mgpopt=global   -o obj/HAL/src/alt_wait.o HAL/src/alt_wait.c
Compiling alt_write.c...
nios2-elf-gcc -xc -MP -MMD -c  -I./HAL/inc -I. -I./drivers/inc -pipe -D__hal__ -DALT_NO_INSTRUCTION_EMULATION -DALT_SINGLE_THREADED    -O0 -g -Wall  -mno-hw-div -mhw-mul -mno-hw-mulx -mgpopt=global   -o obj/HAL/src/alt_write.o HAL/src/alt_write.c
Compiling altera_nios2_gen2_irq.c...
nios2-elf-gcc -xc -MP -MMD -c  -I./HAL/inc -I. -I./drivers/inc -pipe -D__hal__ -DALT_NO_INSTRUCTION_EMULATION -DALT_SINGLE_THREADED    -O0 -g -Wall  -mno-hw-div -mhw-mul -mno-hw-mulx -mgpopt=global   -o obj/HAL/src/altera_nios2_gen2_irq.o HAL/src/altera_nios2_gen2_irq.c
Compiling crt0.S...
nios2-elf-gcc -MP -MMD -c   -O0 -g -Wall  -mno-hw-div -mhw-mul -mno-hw-mulx -mgpopt=global    -I./HAL/inc -I. -I./drivers/inc -pipe -D__hal__ -DALT_NO_INSTRUCTION_EMULATION -DALT_SINGLE_THREADED  -Wa,-gdwarf2  -o obj/HAL/src/crt0.o HAL/src/crt0.S
Compiling alt_sys_init.c...
nios2-elf-gcc -xc -MP -MMD -c  -I./HAL/inc -I. -I./drivers/inc -pipe -D__hal__ -DALT_NO_INSTRUCTION_EMULATION -DALT_SINGLE_THREADED    -O0 -g -Wall  -mno-hw-div -mhw-mul -mno-hw-mulx -mgpopt=global   -o obj/alt_sys_init.o alt_sys_init.c
Compiling altera_avalon_jtag_uart_fd.c...
nios2-elf-gcc -xc -MP -MMD -c  -I./HAL/inc -I. -I./drivers/inc -pipe -D__hal__ -DALT_NO_INSTRUCTION_EMULATION -DALT_SINGLE_THREADED    -O0 -g -Wall  -mno-hw-div -mhw-mul -mno-hw-mulx -mgpopt=global   -o obj/drivers/src/altera_avalon_jtag_uart_fd.o drivers/src/altera_avalon_jtag_uart_fd.c
Compiling altera_avalon_jtag_uart_init.c...
nios2-elf-gcc -xc -MP -MMD -c  -I./HAL/inc -I. -I./drivers/inc -pipe -D__hal__ -DALT_NO_INSTRUCTION_EMULATION -DALT_SINGLE_THREADED    -O0 -g -Wall  -mno-hw-div -mhw-mul -mno-hw-mulx -mgpopt=global   -o obj/drivers/src/altera_avalon_jtag_uart_init.o drivers/src/altera_avalon_jtag_uart_init.c
Compiling altera_avalon_jtag_uart_ioctl.c...
nios2-elf-gcc -xc -MP -MMD -c  -I./HAL/inc -I. -I./drivers/inc -pipe -D__hal__ -DALT_NO_INSTRUCTION_EMULATION -DALT_SINGLE_THREADED    -O0 -g -Wall  -mno-hw-div -mhw-mul -mno-hw-mulx -mgpopt=global   -o obj/drivers/src/altera_avalon_jtag_uart_ioctl.o drivers/src/altera_avalon_jtag_uart_ioctl.c
Compiling altera_avalon_jtag_uart_read.c...
nios2-elf-gcc -xc -MP -MMD -c  -I./HAL/inc -I. -I./drivers/inc -pipe -D__hal__ -DALT_NO_INSTRUCTION_EMULATION -DALT_SINGLE_THREADED    -O0 -g -Wall  -mno-hw-div -mhw-mul -mno-hw-mulx -mgpopt=global   -o obj/drivers/src/altera_avalon_jtag_uart_read.o drivers/src/altera_avalon_jtag_uart_read.c
Compiling altera_avalon_jtag_uart_write.c...
nios2-elf-gcc -xc -MP -MMD -c  -I./HAL/inc -I. -I./drivers/inc -pipe -D__hal__ -DALT_NO_INSTRUCTION_EMULATION -DALT_SINGLE_THREADED    -O0 -g -Wall  -mno-hw-div -mhw-mul -mno-hw-mulx -mgpopt=global   -o obj/drivers/src/altera_avalon_jtag_uart_write.o drivers/src/altera_avalon_jtag_uart_write.c
Compiling altera_avalon_sysid_qsys.c...
nios2-elf-gcc -xc -MP -MMD -c  -I./HAL/inc -I. -I./drivers/inc -pipe -D__hal__ -DALT_NO_INSTRUCTION_EMULATION -DALT_SINGLE_THREADED    -O0 -g -Wall  -mno-hw-div -mhw-mul -mno-hw-mulx -mgpopt=global   -o obj/drivers/src/altera_avalon_sysid_qsys.o drivers/src/altera_avalon_sysid_qsys.c
Compiling altera_avalon_timer_sc.c...
nios2-elf-gcc -xc -MP -MMD -c  -I./HAL/inc -I. -I./drivers/inc -pipe -D__hal__ -DALT_NO_INSTRUCTION_EMULATION -DALT_SINGLE_THREADED    -O0 -g -Wall  -mno-hw-div -mhw-mul -mno-hw-mulx -mgpopt=global   -o obj/drivers/src/altera_avalon_timer_sc.o drivers/src/altera_avalon_timer_sc.c
Compiling altera_avalon_timer_ts.c...
nios2-elf-gcc -xc -MP -MMD -c  -I./HAL/inc -I. -I./drivers/inc -pipe -D__hal__ -DALT_NO_INSTRUCTION_EMULATION -DALT_SINGLE_THREADED    -O0 -g -Wall  -mno-hw-div -mhw-mul -mno-hw-mulx -mgpopt=global   -o obj/drivers/src/altera_avalon_timer_ts.o drivers/src/altera_avalon_timer_ts.c
Compiling altera_avalon_timer_vars.c...
nios2-elf-gcc -xc -MP -MMD -c  -I./HAL/inc -I. -I./drivers/inc -pipe -D__hal__ -DALT_NO_INSTRUCTION_EMULATION -DALT_SINGLE_THREADED    -O0 -g -Wall  -mno-hw-div -mhw-mul -mno-hw-mulx -mgpopt=global   -o obj/drivers/src/altera_avalon_timer_vars.o drivers/src/altera_avalon_timer_vars.c
Creating libhal_bsp.a...
rm -f -f libhal_bsp.a
nios2-elf-ar -src libhal_bsp.a obj/HAL/src/alt_alarm_start.o obj/HAL/src/alt_busy_sleep.o obj/HAL/src/alt_close.o obj/HAL/src/alt_dcache_flush.o obj/HAL/src/alt_dcache_flush_all.o obj/HAL/src/alt_dcache_flush_no_writeback.o obj/HAL/src/alt_dev.o obj/HAL/src/alt_dev_llist_insert.o obj/HAL/src/alt_dma_rxchan_open.o obj/HAL/src/alt_dma_txchan_open.o obj/HAL/src/alt_do_ctors.o obj/HAL/src/alt_do_dtors.o obj/HAL/src/alt_ecc_fatal_entry.o obj/HAL/src/alt_ecc_fatal_exception.o obj/HAL/src/alt_env_lock.o obj/HAL/src/alt_environ.o obj/HAL/src/alt_errno.o obj/HAL/src/alt_exception_entry.o obj/HAL/src/alt_exception_muldiv.o obj/HAL/src/alt_exception_trap.o obj/HAL/src/alt_execve.o obj/HAL/src/alt_exit.o obj/HAL/src/alt_fcntl.o obj/HAL/src/alt_fd_lock.o obj/HAL/src/alt_fd_unlock.o obj/HAL/src/alt_find_dev.o obj/HAL/src/alt_find_file.o obj/HAL/src/alt_flash_dev.o obj/HAL/src/alt_fork.o obj/HAL/src/alt_fs_reg.o obj/HAL/src/alt_fstat.o obj/HAL/src/alt_get_fd.o obj/HAL/src/alt_getchar.o obj/HAL/src/alt_getpid.o obj/HAL/src/alt_gettod.o obj/HAL/src/alt_gmon.o obj/HAL/src/alt_icache_flush.o obj/HAL/src/alt_icache_flush_all.o obj/HAL/src/alt_iic.o obj/HAL/src/alt_iic_isr_register.o obj/HAL/src/alt_instruction_exception_entry.o obj/HAL/src/alt_instruction_exception_register.o obj/HAL/src/alt_io_redirect.o obj/HAL/src/alt_ioctl.o obj/HAL/src/alt_irq_entry.o obj/HAL/src/alt_irq_handler.o obj/HAL/src/alt_irq_register.o obj/HAL/src/alt_irq_vars.o obj/HAL/src/alt_isatty.o obj/HAL/src/alt_kill.o obj/HAL/src/alt_link.o obj/HAL/src/alt_load.o obj/HAL/src/alt_log_macro.o obj/HAL/src/alt_log_printf.o obj/HAL/src/alt_lseek.o obj/HAL/src/alt_main.o obj/HAL/src/alt_malloc_lock.o obj/HAL/src/alt_mcount.o obj/HAL/src/alt_open.o obj/HAL/src/alt_printf.o obj/HAL/src/alt_putchar.o obj/HAL/src/alt_putcharbuf.o obj/HAL/src/alt_putstr.o obj/HAL/src/alt_read.o obj/HAL/src/alt_release_fd.o obj/HAL/src/alt_remap_cached.o obj/HAL/src/alt_remap_uncached.o obj/HAL/src/alt_rename.o obj/HAL/src/alt_sbrk.o obj/HAL/src/alt_settod.o obj/HAL/src/alt_software_exception.o obj/HAL/src/alt_stat.o obj/HAL/src/alt_tick.o obj/HAL/src/alt_times.o obj/HAL/src/alt_uncached_free.o obj/HAL/src/alt_uncached_malloc.o obj/HAL/src/alt_unlink.o obj/HAL/src/alt_usleep.o obj/HAL/src/alt_wait.o obj/HAL/src/alt_write.o obj/HAL/src/altera_nios2_gen2_irq.o obj/HAL/src/crt0.o obj/alt_sys_init.o obj/drivers/src/altera_avalon_jtag_uart_fd.o obj/drivers/src/altera_avalon_jtag_uart_init.o obj/drivers/src/altera_avalon_jtag_uart_ioctl.o obj/drivers/src/altera_avalon_jtag_uart_read.o obj/drivers/src/altera_avalon_jtag_uart_write.o obj/drivers/src/altera_avalon_sysid_qsys.o obj/drivers/src/altera_avalon_timer_sc.o obj/drivers/src/altera_avalon_timer_ts.o obj/drivers/src/altera_avalon_timer_vars.o
[BSP build complete]
Info: Compiling alt_touchscreen/I2C_core.c to obj/default/alt_touchscreen/I2C_core.o
nios2-elf-gcc -xc -MP -MMD -c -I../vip_bsp//HAL/inc -I../vip_bsp/ -I../vip_bsp//drivers/inc -Ialt_touchscreen -Ialt_tpo_lcd -Ialt_video_display -Iaudio_tvdecoder -Ifonts -Igimp_bmp -Igraphics_lib -Imy_graphics_lib -IVIP_ctrl  -pipe -D__hal__ -DALT_NO_INSTRUCTION_EMULATION -DALT_SINGLE_THREADED    -O0 -g -Wall   -mno-hw-div -mhw-mul -mno-hw-mulx -mgpopt=global  -o obj/default/alt_touchscreen/I2C_core.o alt_touchscreen/I2C_core.c
Info: Compiling alt_touchscreen/debug.c to obj/default/alt_touchscreen/debug.o
nios2-elf-gcc -xc -MP -MMD -c -I../vip_bsp//HAL/inc -I../vip_bsp/ -I../vip_bsp//drivers/inc -Ialt_touchscreen -Ialt_tpo_lcd -Ialt_video_display -Iaudio_tvdecoder -Ifonts -Igimp_bmp -Igraphics_lib -Imy_graphics_lib -IVIP_ctrl  -pipe -D__hal__ -DALT_NO_INSTRUCTION_EMULATION -DALT_SINGLE_THREADED    -O0 -g -Wall   -mno-hw-div -mhw-mul -mno-hw-mulx -mgpopt=global  -o obj/default/alt_touchscreen/debug.o alt_touchscreen/debug.c
alt_touchscreen/debug.c: In function 'myprintf_hexarray':
alt_touchscreen/debug.c:83:17: warning: pointer targets in passing argument 1 of 'sprintf' differ in signedness [-Wpointer-sign]
         sprintf(szText, "[%02X]", *(pHex+i));
                 ^
In file included from j:\intelfpga\16.1\nios2eds\bin\gnu\h-x86_64-mingw32\nios2-elf\include\stdio.h:29:0,
                 from alt_touchscreen/debug.c:33:
j:\intelfpga\16.1\nios2eds\bin\gnu\h-x86_64-mingw32\nios2-elf\include\stdio.h:258:5: note: expected 'char * restrict' but argument is of type 'unsigned char *'
 int _EXFUN(sprintf, (char *__restrict, const char *__restrict, ...)
     ^
In file included from alt_touchscreen/terasic_includes.h:53:0,
                 from alt_touchscreen/debug.c:35:
alt_touchscreen/debug.c:84:16: warning: pointer targets in passing argument 1 of 'myprintf' differ in signedness [-Wpointer-sign]
         DEBUG((szText));
                ^
alt_touchscreen/debug.h:78:46: note: in definition of macro 'DEBUG'
     #define DEBUG(x)               {myprintf x;}  // standard in/out, specifed in project (it could be uart, jtag, or lcd)
                                              ^
alt_touchscreen/debug.c:64:5: note: expected 'char *' but argument is of type 'unsigned char *'
 int myprintf(char *format, ...){
     ^
Info: Compiling alt_touchscreen/multi_touch2.c to obj/default/alt_touchscreen/multi_touch2.o
nios2-elf-gcc -xc -MP -MMD -c -I../vip_bsp//HAL/inc -I../vip_bsp/ -I../vip_bsp//drivers/inc -Ialt_touchscreen -Ialt_tpo_lcd -Ialt_video_display -Iaudio_tvdecoder -Ifonts -Igimp_bmp -Igraphics_lib -Imy_graphics_lib -IVIP_ctrl  -pipe -D__hal__ -DALT_NO_INSTRUCTION_EMULATION -DALT_SINGLE_THREADED    -O0 -g -Wall   -mno-hw-div -mhw-mul -mno-hw-mulx -mgpopt=global  -o obj/default/alt_touchscreen/multi_touch2.o alt_touchscreen/multi_touch2.c
Info: Compiling alt_touchscreen/queue.c to obj/default/alt_touchscreen/queue.o
nios2-elf-gcc -xc -MP -MMD -c -I../vip_bsp//HAL/inc -I../vip_bsp/ -I../vip_bsp//drivers/inc -Ialt_touchscreen -Ialt_tpo_lcd -Ialt_video_display -Iaudio_tvdecoder -Ifonts -Igimp_bmp -Igraphics_lib -Imy_graphics_lib -IVIP_ctrl  -pipe -D__hal__ -DALT_NO_INSTRUCTION_EMULATION -DALT_SINGLE_THREADED    -O0 -g -Wall   -mno-hw-div -mhw-mul -mno-hw-mulx -mgpopt=global  -o obj/default/alt_touchscreen/queue.o alt_touchscreen/queue.c
Info: Compiling alt_tpo_lcd/alt_tpo_lcd.c to obj/default/alt_tpo_lcd/alt_tpo_lcd.o
nios2-elf-gcc -xc -MP -MMD -c -I../vip_bsp//HAL/inc -I../vip_bsp/ -I../vip_bsp//drivers/inc -Ialt_touchscreen -Ialt_tpo_lcd -Ialt_video_display -Iaudio_tvdecoder -Ifonts -Igimp_bmp -Igraphics_lib -Imy_graphics_lib -IVIP_ctrl  -pipe -D__hal__ -DALT_NO_INSTRUCTION_EMULATION -DALT_SINGLE_THREADED    -O0 -g -Wall   -mno-hw-div -mhw-mul -mno-hw-mulx -mgpopt=global  -o obj/default/alt_tpo_lcd/alt_tpo_lcd.o alt_tpo_lcd/alt_tpo_lcd.c
Info: Compiling alt_tpo_lcd/alt_tpo_lcd_console.c to obj/default/alt_tpo_lcd/alt_tpo_lcd_console.o
nios2-elf-gcc -xc -MP -MMD -c -I../vip_bsp//HAL/inc -I../vip_bsp/ -I../vip_bsp//drivers/inc -Ialt_touchscreen -Ialt_tpo_lcd -Ialt_video_display -Iaudio_tvdecoder -Ifonts -Igimp_bmp -Igraphics_lib -Imy_graphics_lib -IVIP_ctrl  -pipe -D__hal__ -DALT_NO_INSTRUCTION_EMULATION -DALT_SINGLE_THREADED    -O0 -g -Wall   -mno-hw-div -mhw-mul -mno-hw-mulx -mgpopt=global  -o obj/default/alt_tpo_lcd/alt_tpo_lcd_console.o alt_tpo_lcd/alt_tpo_lcd_console.c
alt_tpo_lcd/alt_tpo_lcd_console.c: In function 'alt_tpo_lcd_config_monitor':
alt_tpo_lcd/alt_tpo_lcd_console.c:248:51: warning: pointer targets in passing argument 1 of 'alt_tpo_lcd_console_do_command' differ in signedness [-Wpointer-sign]
           result = alt_tpo_lcd_console_do_command(serial_input_buffer, lcd);
                                                   ^
alt_tpo_lcd/alt_tpo_lcd_console.c:116:5: note: expected 'char *' but argument is of type 'unsigned char *'
 int alt_tpo_lcd_console_do_command(char *command, alt_tpo_lcd *lcd)
     ^
alt_tpo_lcd/alt_tpo_lcd_console.c:220:7: warning: variable 'result' set but not used [-Wunused-but-set-variable]
   int result = 0, buf_index = 0; 
       ^
Info: Compiling alt_video_display/alt_video_display.c to obj/default/alt_video_display/alt_video_display.o
nios2-elf-gcc -xc -MP -MMD -c -I../vip_bsp//HAL/inc -I../vip_bsp/ -I../vip_bsp//drivers/inc -Ialt_touchscreen -Ialt_tpo_lcd -Ialt_video_display -Iaudio_tvdecoder -Ifonts -Igimp_bmp -Igraphics_lib -Imy_graphics_lib -IVIP_ctrl  -pipe -D__hal__ -DALT_NO_INSTRUCTION_EMULATION -DALT_SINGLE_THREADED    -O0 -g -Wall   -mno-hw-div -mhw-mul -mno-hw-mulx -mgpopt=global  -o obj/default/alt_video_display/alt_video_display.o alt_video_display/alt_video_display.c
alt_video_display/alt_video_display.c: In function 'alt_video_display_only_frame_init':
alt_video_display/alt_video_display.c:63:7: warning: unused variable 'result' [-Wunused-variable]
   int result;
       ^
Info: Compiling audio.c to obj/default/audio.o
nios2-elf-gcc -xc -MP -MMD -c -I../vip_bsp//HAL/inc -I../vip_bsp/ -I../vip_bsp//drivers/inc -Ialt_touchscreen -Ialt_tpo_lcd -Ialt_video_display -Iaudio_tvdecoder -Ifonts -Igimp_bmp -Igraphics_lib -Imy_graphics_lib -IVIP_ctrl  -pipe -D__hal__ -DALT_NO_INSTRUCTION_EMULATION -DALT_SINGLE_THREADED    -O0 -g -Wall   -mno-hw-div -mhw-mul -mno-hw-mulx -mgpopt=global  -o obj/default/audio.o audio.c
audio.c: In function 'audio_in_out_start':
audio.c:74:3: warning: implicit declaration of function 'alt_irq_register' [-Wimplicit-function-declaration]
   alt_irq_register( AUDIO_CONTROLLER_IRQ, (void *)&isr_context,
   ^
Info: Compiling audio_tvdecoder/audio_ctrl.c to obj/default/audio_tvdecoder/audio_ctrl.o
nios2-elf-gcc -xc -MP -MMD -c -I../vip_bsp//HAL/inc -I../vip_bsp/ -I../vip_bsp//drivers/inc -Ialt_touchscreen -Ialt_tpo_lcd -Ialt_video_display -Iaudio_tvdecoder -Ifonts -Igimp_bmp -Igraphics_lib -Imy_graphics_lib -IVIP_ctrl  -pipe -D__hal__ -DALT_NO_INSTRUCTION_EMULATION -DALT_SINGLE_THREADED    -O0 -g -Wall   -mno-hw-div -mhw-mul -mno-hw-mulx -mgpopt=global  -o obj/default/audio_tvdecoder/audio_ctrl.o audio_tvdecoder/audio_ctrl.c
audio_tvdecoder/audio_ctrl.c: In function 'set_audio_sampling_freq':
audio_tvdecoder/audio_ctrl.c:76:2: warning: implicit declaration of function 'printf' [-Wimplicit-function-declaration]
  printf("Samplig_div:%d\n",get_codec_sampling_divisor(freq));
  ^
audio_tvdecoder/audio_ctrl.c:76:2: warning: incompatible implicit declaration of built-in function 'printf'
audio_tvdecoder/audio_ctrl.c:76:2: note: include '<stdio.h>' or provide a declaration of 'printf'
Info: Compiling audio_tvdecoder/i2c.c to obj/default/audio_tvdecoder/i2c.o
nios2-elf-gcc -xc -MP -MMD -c -I../vip_bsp//HAL/inc -I../vip_bsp/ -I../vip_bsp//drivers/inc -Ialt_touchscreen -Ialt_tpo_lcd -Ialt_video_display -Iaudio_tvdecoder -Ifonts -Igimp_bmp -Igraphics_lib -Imy_graphics_lib -IVIP_ctrl  -pipe -D__hal__ -DALT_NO_INSTRUCTION_EMULATION -DALT_SINGLE_THREADED    -O0 -g -Wall   -mno-hw-div -mhw-mul -mno-hw-mulx -mgpopt=global  -o obj/default/audio_tvdecoder/i2c.o audio_tvdecoder/i2c.c
Info: Compiling audio_tvdecoder/tvdecoder_ctrl.c to obj/default/audio_tvdecoder/tvdecoder_ctrl.o
nios2-elf-gcc -xc -MP -MMD -c -I../vip_bsp//HAL/inc -I../vip_bsp/ -I../vip_bsp//drivers/inc -Ialt_touchscreen -Ialt_tpo_lcd -Ialt_video_display -Iaudio_tvdecoder -Ifonts -Igimp_bmp -Igraphics_lib -Imy_graphics_lib -IVIP_ctrl  -pipe -D__hal__ -DALT_NO_INSTRUCTION_EMULATION -DALT_SINGLE_THREADED    -O0 -g -Wall   -mno-hw-div -mhw-mul -mno-hw-mulx -mgpopt=global  -o obj/default/audio_tvdecoder/tvdecoder_ctrl.o audio_tvdecoder/tvdecoder_ctrl.c
audio_tvdecoder/tvdecoder_ctrl.c:83:23: warning: 'adv7180_reset' defined but not used [-Wunused-variable]
 static unsigned short adv7180_reset[]={
                       ^
Info: Compiling fonts/tahomabold_20.c to obj/default/fonts/tahomabold_20.o
nios2-elf-gcc -xc -MP -MMD -c -I../vip_bsp//HAL/inc -I../vip_bsp/ -I../vip_bsp//drivers/inc -Ialt_touchscreen -Ialt_tpo_lcd -Ialt_video_display -Iaudio_tvdecoder -Ifonts -Igimp_bmp -Igraphics_lib -Imy_graphics_lib -IVIP_ctrl  -pipe -D__hal__ -DALT_NO_INSTRUCTION_EMULATION -DALT_SINGLE_THREADED    -O0 -g -Wall   -mno-hw-div -mhw-mul -mno-hw-mulx -mgpopt=global  -o obj/default/fonts/tahomabold_20.o fonts/tahomabold_20.c
Info: Compiling fonts/tahomabold_32.c to obj/default/fonts/tahomabold_32.o
nios2-elf-gcc -xc -MP -MMD -c -I../vip_bsp//HAL/inc -I../vip_bsp/ -I../vip_bsp//drivers/inc -Ialt_touchscreen -Ialt_tpo_lcd -Ialt_video_display -Iaudio_tvdecoder -Ifonts -Igimp_bmp -Igraphics_lib -Imy_graphics_lib -IVIP_ctrl  -pipe -D__hal__ -DALT_NO_INSTRUCTION_EMULATION -DALT_SINGLE_THREADED    -O0 -g -Wall   -mno-hw-div -mhw-mul -mno-hw-mulx -mgpopt=global  -o obj/default/fonts/tahomabold_32.o fonts/tahomabold_32.c
Info: Compiling gimp_bmp/gimp_bmp.c to obj/default/gimp_bmp/gimp_bmp.o
nios2-elf-gcc -xc -MP -MMD -c -I../vip_bsp//HAL/inc -I../vip_bsp/ -I../vip_bsp//drivers/inc -Ialt_touchscreen -Ialt_tpo_lcd -Ialt_video_display -Iaudio_tvdecoder -Ifonts -Igimp_bmp -Igraphics_lib -Imy_graphics_lib -IVIP_ctrl  -pipe -D__hal__ -DALT_NO_INSTRUCTION_EMULATION -DALT_SINGLE_THREADED    -O0 -g -Wall   -mno-hw-div -mhw-mul -mno-hw-mulx -mgpopt=global  -o obj/default/gimp_bmp/gimp_bmp.o gimp_bmp/gimp_bmp.c
Info: Compiling graphics_lib/simple_graphics.c to obj/default/graphics_lib/simple_graphics.o
nios2-elf-gcc -xc -MP -MMD -c -I../vip_bsp//HAL/inc -I../vip_bsp/ -I../vip_bsp//drivers/inc -Ialt_touchscreen -Ialt_tpo_lcd -Ialt_video_display -Iaudio_tvdecoder -Ifonts -Igimp_bmp -Igraphics_lib -Imy_graphics_lib -IVIP_ctrl  -pipe -D__hal__ -DALT_NO_INSTRUCTION_EMULATION -DALT_SINGLE_THREADED    -O0 -g -Wall   -mno-hw-div -mhw-mul -mno-hw-mulx -mgpopt=global  -o obj/default/graphics_lib/simple_graphics.o graphics_lib/simple_graphics.c
Info: Compiling graphics_lib/simple_text.c to obj/default/graphics_lib/simple_text.o
nios2-elf-gcc -xc -MP -MMD -c -I../vip_bsp//HAL/inc -I../vip_bsp/ -I../vip_bsp//drivers/inc -Ialt_touchscreen -Ialt_tpo_lcd -Ialt_video_display -Iaudio_tvdecoder -Ifonts -Igimp_bmp -Igraphics_lib -Imy_graphics_lib -IVIP_ctrl  -pipe -D__hal__ -DALT_NO_INSTRUCTION_EMULATION -DALT_SINGLE_THREADED    -O0 -g -Wall   -mno-hw-div -mhw-mul -mno-hw-mulx -mgpopt=global  -o obj/default/graphics_lib/simple_text.o graphics_lib/simple_text.c
graphics_lib/simple_text.c: In function 'vid_print_char_alpha':
graphics_lib/simple_text.c:288:49: warning: pointer targets in passing argument 2 of 'seperate_color_channels' differ in signedness [-Wpointer-sign]
   seperate_color_channels(display->color_depth, (char *)&color, &original_red, &original_green, &original_blue);
                                                 ^
graphics_lib/simple_text.c:82:5: note: expected 'unsigned char *' but argument is of type 'char *'
 int seperate_color_channels(int color_depth, unsigned char * color, unsigned char * red, unsigned char * green, unsigned char * blue)
     ^
graphics_lib/simple_text.c:300:68: warning: pointer targets in passing argument 5 of 'merge_color_channels' differ in signedness [-Wpointer-sign]
       merge_color_channels(display->color_depth, red, green, blue, (char *)&new_color);
                                                                    ^
graphics_lib/simple_text.c:126:5: note: expected 'unsigned char *' but argument is of type 'char *'
 int merge_color_channels(int color_depth, unsigned char red, unsigned char green, unsigned char blue, unsigned char * color)
     ^
In file included from graphics_lib/simple_text.c:1:0:
graphics_lib/simple_text.c: In function 'read_from_frame':
../vip_bsp//HAL/inc/io.h:58:3: warning: 'addr' may be used uninitialized in this function [-Wmaybe-uninitialized]
   __builtin_ldbuio (__IO_CALC_ADDRESS_DYNAMIC ((BASE), (OFFSET)))
   ^
graphics_lib/simple_text.c:172:16: note: 'addr' was declared here
   unsigned int addr;
                ^
Info: Compiling main.c to obj/default/main.o
nios2-elf-gcc -xc -MP -MMD -c -I../vip_bsp//HAL/inc -I../vip_bsp/ -I../vip_bsp//drivers/inc -Ialt_touchscreen -Ialt_tpo_lcd -Ialt_video_display -Iaudio_tvdecoder -Ifonts -Igimp_bmp -Igraphics_lib -Imy_graphics_lib -IVIP_ctrl  -pipe -D__hal__ -DALT_NO_INSTRUCTION_EMULATION -DALT_SINGLE_THREADED    -O0 -g -Wall   -mno-hw-div -mhw-mul -mno-hw-mulx -mgpopt=global  -o obj/default/main.o main.c
main.c: In function 'touchscreen_event_handling':
main.c:173:14: warning: variable 'pre_pen_y' set but not used [-Wunused-but-set-variable]
   static int pre_pen_y;
              ^
main.c:172:14: warning: variable 'pre_pen_x' set but not used [-Wunused-but-set-variable]
   static int pre_pen_x;
              ^
main.c: In function 'video_intr_task':
main.c:267:13: warning: implicit declaration of function 'pan_and_scroll_image' [-Wimplicit-function-declaration]
             pan_and_scroll_image(-1,-1,-1,-1,-1);
             ^
Info: Compiling move_image.c to obj/default/move_image.o
nios2-elf-gcc -xc -MP -MMD -c -I../vip_bsp//HAL/inc -I../vip_bsp/ -I../vip_bsp//drivers/inc -Ialt_touchscreen -Ialt_tpo_lcd -Ialt_video_display -Iaudio_tvdecoder -Ifonts -Igimp_bmp -Igraphics_lib -Imy_graphics_lib -IVIP_ctrl  -pipe -D__hal__ -DALT_NO_INSTRUCTION_EMULATION -DALT_SINGLE_THREADED    -O0 -g -Wall   -mno-hw-div -mhw-mul -mno-hw-mulx -mgpopt=global  -o obj/default/move_image.o move_image.c
Info: Compiling my_app.c to obj/default/my_app.o
nios2-elf-gcc -xc -MP -MMD -c -I../vip_bsp//HAL/inc -I../vip_bsp/ -I../vip_bsp//drivers/inc -Ialt_touchscreen -Ialt_tpo_lcd -Ialt_video_display -Iaudio_tvdecoder -Ifonts -Igimp_bmp -Igraphics_lib -Imy_graphics_lib -IVIP_ctrl  -pipe -D__hal__ -DALT_NO_INSTRUCTION_EMULATION -DALT_SINGLE_THREADED    -O0 -g -Wall   -mno-hw-div -mhw-mul -mno-hw-mulx -mgpopt=global  -o obj/default/my_app.o my_app.c
Info: Compiling my_graphics_lib/my_text.c to obj/default/my_graphics_lib/my_text.o
nios2-elf-gcc -xc -MP -MMD -c -I../vip_bsp//HAL/inc -I../vip_bsp/ -I../vip_bsp//drivers/inc -Ialt_touchscreen -Ialt_tpo_lcd -Ialt_video_display -Iaudio_tvdecoder -Ifonts -Igimp_bmp -Igraphics_lib -Imy_graphics_lib -IVIP_ctrl  -pipe -D__hal__ -DALT_NO_INSTRUCTION_EMULATION -DALT_SINGLE_THREADED    -O0 -g -Wall   -mno-hw-div -mhw-mul -mno-hw-mulx -mgpopt=global  -o obj/default/my_graphics_lib/my_text.o my_graphics_lib/my_text.c
my_graphics_lib/my_text.c: In function 'my_vid_print_char_alpha':
my_graphics_lib/my_text.c:146:49: warning: pointer targets in passing argument 2 of 'seperate_color_channels' differ in signedness [-Wpointer-sign]
   seperate_color_channels(display->color_depth, (char *)&color, &original_red, &original_green, &original_blue);
                                                 ^
In file included from my_graphics_lib/my_text.c:2:0:
graphics_lib/simple_graphics.h:151:5: note: expected 'unsigned char *' but argument is of type 'char *'
 int seperate_color_channels( int color_depth,
     ^
my_graphics_lib/my_text.c:166:68: warning: pointer targets in passing argument 5 of 'merge_color_channels' differ in signedness [-Wpointer-sign]
       merge_color_channels(display->color_depth, red, green, blue, (char *)&new_color);
                                                                    ^
In file included from my_graphics_lib/my_text.c:2:0:
graphics_lib/simple_graphics.h:157:5: note: expected 'unsigned char *' but argument is of type 'char *'
 int merge_color_channels(int color_depth,
     ^
Info: Compiling VIP_ctrl/VFR_Graphics.cpp to obj/default/VIP_ctrl/VFR_Graphics.o
nios2-elf-gcc -xc++ -MP -MMD -c -I../vip_bsp//HAL/inc -I../vip_bsp/ -I../vip_bsp//drivers/inc -Ialt_touchscreen -Ialt_tpo_lcd -Ialt_video_display -Iaudio_tvdecoder -Ifonts -Igimp_bmp -Igraphics_lib -Imy_graphics_lib -IVIP_ctrl  -pipe -D__hal__ -DALT_NO_INSTRUCTION_EMULATION -DALT_SINGLE_THREADED      -O0 -g -Wall   -mno-hw-div -mhw-mul -mno-hw-mulx -mgpopt=global  -o obj/default/VIP_ctrl/VFR_Graphics.o VIP_ctrl/VFR_Graphics.cpp
Info: Compiling VIP_ctrl/vip_wrapper_for_c_func.cpp to obj/default/VIP_ctrl/vip_wrapper_for_c_func.o
nios2-elf-gcc -xc++ -MP -MMD -c -I../vip_bsp//HAL/inc -I../vip_bsp/ -I../vip_bsp//drivers/inc -Ialt_touchscreen -Ialt_tpo_lcd -Ialt_video_display -Iaudio_tvdecoder -Ifonts -Igimp_bmp -Igraphics_lib -Imy_graphics_lib -IVIP_ctrl  -pipe -D__hal__ -DALT_NO_INSTRUCTION_EMULATION -DALT_SINGLE_THREADED      -O0 -g -Wall   -mno-hw-div -mhw-mul -mno-hw-mulx -mgpopt=global  -o obj/default/VIP_ctrl/vip_wrapper_for_c_func.o VIP_ctrl/vip_wrapper_for_c_func.cpp
VIP_ctrl/vip_wrapper_for_c_func.cpp: In function 'void Control_Synchronizer_event_clear()':
VIP_ctrl/vip_wrapper_for_c_func.cpp:387:35: warning: unused variable 'event' [-Wunused-variable]
       volatile EventQueue::Event &event = event_queue6.pop();
                                   ^
Info: Linking vip.elf
nios2-elf-g++  -T'../vip_bsp//linker.x' -msys-crt0='../vip_bsp//obj/HAL/src/crt0.o' -msys-lib=hal_bsp -L../vip_bsp/   -Wl,-Map=vip.map   -O0 -g -Wall   -mno-hw-div -mhw-mul -mno-hw-mulx -mgpopt=global  -o vip.elf obj/default/alt_touchscreen/I2C_core.o obj/default/alt_touchscreen/debug.o obj/default/alt_touchscreen/multi_touch2.o obj/default/alt_touchscreen/queue.o obj/default/alt_tpo_lcd/alt_tpo_lcd.o obj/default/alt_tpo_lcd/alt_tpo_lcd_console.o obj/default/alt_video_display/alt_video_display.o obj/default/audio.o obj/default/audio_tvdecoder/audio_ctrl.o obj/default/audio_tvdecoder/i2c.o obj/default/audio_tvdecoder/tvdecoder_ctrl.o obj/default/fonts/tahomabold_20.o obj/default/fonts/tahomabold_32.o obj/default/gimp_bmp/gimp_bmp.o obj/default/graphics_lib/simple_graphics.o obj/default/graphics_lib/simple_text.o obj/default/main.o obj/default/move_image.o obj/default/my_app.o obj/default/my_graphics_lib/my_text.o obj/default/VIP_ctrl/VFR_Graphics.o obj/default/VIP_ctrl/vip_wrapper_for_c_func.o -lm -msys-lib=m
nios2-elf-insert vip.elf --thread_model hal --cpu_name nios2_gen2_0 --qsys true --simulation_enabled false --id 0 --sidp 0x4001030 --timestamp 1486360670 --stderr_dev jtag_uart --stdin_dev jtag_uart --stdout_dev jtag_uart --sopc_system_name DE10_Standard_Qsys --quartus_project_dir "K:/SVN/de10-standard/test/mtlc2/dee/vip" --jdi ../..//output_files/DE10_Standard.jdi --sopcinfo K:/SVN/de10-standard/test/mtlc2/dee/vip/software/vip_bsp/../../DE10_Standard_Qsys.sopcinfo
Info: (vip.elf) 296 KBytes program size (code + initialized data).
Info:           16073 KBytes free for stack + heap.
Info: Creating vip.objdump
nios2-elf-objdump --disassemble --syms --all-header --source vip.elf >vip.objdump
[vip build complete]
14:35:13 **** Incremental Build of configuration Nios II for project vip ****
make all 
Info: Building ../vip_bsp/
J:/intelFPGA/16.1/nios2eds/bin/gnu/H-x86_64-mingw32/bin/make --no-print-directory -C ../vip_bsp/
[BSP build complete]
Info: Compiling main.c to obj/default/main.o
nios2-elf-gcc -xc -MP -MMD -c -I../vip_bsp//HAL/inc -I../vip_bsp/ -I../vip_bsp//drivers/inc -Ialt_touchscreen -Ialt_tpo_lcd -Ialt_video_display -Iaudio_tvdecoder -Ifonts -Igimp_bmp -Igraphics_lib -Imy_graphics_lib -IVIP_ctrl  -pipe -D__hal__ -DALT_NO_INSTRUCTION_EMULATION -DALT_SINGLE_THREADED    -O0 -g -Wall   -mno-hw-div -mhw-mul -mno-hw-mulx -mgpopt=global  -o obj/default/main.o main.c
main.c: In function 'touchscreen_event_handling':
main.c:173:14: warning: variable 'pre_pen_y' set but not used [-Wunused-but-set-variable]
   static int pre_pen_y;
              ^
main.c:172:14: warning: variable 'pre_pen_x' set but not used [-Wunused-but-set-variable]
   static int pre_pen_x;
              ^
main.c: In function 'video_intr_task':
main.c:267:13: warning: implicit declaration of function 'pan_and_scroll_image' [-Wimplicit-function-declaration]
             pan_and_scroll_image(-1,-1,-1,-1,-1);
             ^
Info: Linking vip.elf
nios2-elf-g++  -T'../vip_bsp//linker.x' -msys-crt0='../vip_bsp//obj/HAL/src/crt0.o' -msys-lib=hal_bsp -L../vip_bsp/   -Wl,-Map=vip.map   -O0 -g -Wall   -mno-hw-div -mhw-mul -mno-hw-mulx -mgpopt=global  -o vip.elf obj/default/alt_touchscreen/I2C_core.o obj/default/alt_touchscreen/debug.o obj/default/alt_touchscreen/multi_touch2.o obj/default/alt_touchscreen/queue.o obj/default/alt_tpo_lcd/alt_tpo_lcd.o obj/default/alt_tpo_lcd/alt_tpo_lcd_console.o obj/default/alt_video_display/alt_video_display.o obj/default/audio.o obj/default/audio_tvdecoder/audio_ctrl.o obj/default/audio_tvdecoder/i2c.o obj/default/audio_tvdecoder/tvdecoder_ctrl.o obj/default/fonts/tahomabold_20.o obj/default/fonts/tahomabold_32.o obj/default/gimp_bmp/gimp_bmp.o obj/default/graphics_lib/simple_graphics.o obj/default/graphics_lib/simple_text.o obj/default/main.o obj/default/move_image.o obj/default/my_app.o obj/default/my_graphics_lib/my_text.o obj/default/VIP_ctrl/VFR_Graphics.o obj/default/VIP_ctrl/vip_wrapper_for_c_func.o -lm -msys-lib=m
nios2-elf-insert vip.elf --thread_model hal --cpu_name nios2_gen2_0 --qsys true --simulation_enabled false --id 0 --sidp 0x4001030 --timestamp 1486360670 --stderr_dev jtag_uart --stdin_dev jtag_uart --stdout_dev jtag_uart --sopc_system_name DE10_Standard_Qsys --quartus_project_dir "K:/SVN/de10-standard/test/mtlc2/dee/vip" --jdi ../..//output_files/DE10_Standard.jdi --sopcinfo K:/SVN/de10-standard/test/mtlc2/dee/vip/software/vip_bsp/../../DE10_Standard_Qsys.sopcinfo
Info: (vip.elf) 296 KBytes program size (code + initialized data).
Info:           16073 KBytes free for stack + heap.
Info: Creating vip.objdump
nios2-elf-objdump --disassemble --syms --all-header --source vip.elf >vip.objdump
[vip build complete]
14:35:16 **** Build of configuration Nios II for project vip_bsp ****
make all 
[BSP build complete]
14:36:34 **** Incremental Build of configuration Nios II for project vip ****
make all 
Info: Building ../vip_bsp/
J:/intelFPGA/16.1/nios2eds/bin/gnu/H-x86_64-mingw32/bin/make --no-print-directory -C ../vip_bsp/
[BSP build complete]
Info: Compiling main.c to obj/default/main.o
nios2-elf-gcc -xc -MP -MMD -c -I../vip_bsp//HAL/inc -I../vip_bsp/ -I../vip_bsp//drivers/inc -Ialt_touchscreen -Ialt_tpo_lcd -Ialt_video_display -Iaudio_tvdecoder -Ifonts -Igimp_bmp -Igraphics_lib -Imy_graphics_lib -IVIP_ctrl  -pipe -D__hal__ -DALT_NO_INSTRUCTION_EMULATION -DALT_SINGLE_THREADED    -O0 -g -Wall   -mno-hw-div -mhw-mul -mno-hw-mulx -mgpopt=global  -o obj/default/main.o main.c
main.c: In function 'touchscreen_event_handling':
main.c:173:14: warning: variable 'pre_pen_y' set but not used [-Wunused-but-set-variable]
   static int pre_pen_y;
              ^
main.c:172:14: warning: variable 'pre_pen_x' set but not used [-Wunused-but-set-variable]
   static int pre_pen_x;
              ^
main.c: In function 'video_intr_task':
main.c:267:13: warning: implicit declaration of function 'pan_and_scroll_image' [-Wimplicit-function-declaration]
             pan_and_scroll_image(-1,-1,-1,-1,-1);
             ^
Info: Linking vip.elf
nios2-elf-g++  -T'../vip_bsp//linker.x' -msys-crt0='../vip_bsp//obj/HAL/src/crt0.o' -msys-lib=hal_bsp -L../vip_bsp/   -Wl,-Map=vip.map   -O0 -g -Wall   -mno-hw-div -mhw-mul -mno-hw-mulx -mgpopt=global  -o vip.elf obj/default/alt_touchscreen/I2C_core.o obj/default/alt_touchscreen/debug.o obj/default/alt_touchscreen/multi_touch2.o obj/default/alt_touchscreen/queue.o obj/default/alt_tpo_lcd/alt_tpo_lcd.o obj/default/alt_tpo_lcd/alt_tpo_lcd_console.o obj/default/alt_video_display/alt_video_display.o obj/default/audio.o obj/default/audio_tvdecoder/audio_ctrl.o obj/default/audio_tvdecoder/i2c.o obj/default/audio_tvdecoder/tvdecoder_ctrl.o obj/default/fonts/tahomabold_20.o obj/default/fonts/tahomabold_32.o obj/default/gimp_bmp/gimp_bmp.o obj/default/graphics_lib/simple_graphics.o obj/default/graphics_lib/simple_text.o obj/default/main.o obj/default/move_image.o obj/default/my_app.o obj/default/my_graphics_lib/my_text.o obj/default/VIP_ctrl/VFR_Graphics.o obj/default/VIP_ctrl/vip_wrapper_for_c_func.o -lm -msys-lib=m
nios2-elf-insert vip.elf --thread_model hal --cpu_name nios2_gen2_0 --qsys true --simulation_enabled false --id 0 --sidp 0x4001030 --timestamp 1486360670 --stderr_dev jtag_uart --stdin_dev jtag_uart --stdout_dev jtag_uart --sopc_system_name DE10_Standard_Qsys --quartus_project_dir "K:/SVN/de10-standard/test/mtlc2/dee/vip" --jdi ../..//output_files/DE10_Standard.jdi --sopcinfo K:/SVN/de10-standard/test/mtlc2/dee/vip/software/vip_bsp/../../DE10_Standard_Qsys.sopcinfo
Info: (vip.elf) 296 KBytes program size (code + initialized data).
Info:           16073 KBytes free for stack + heap.
Info: Creating vip.objdump
nios2-elf-objdump --disassemble --syms --all-header --source vip.elf >vip.objdump
[vip build complete]
14:36:36 **** Incremental Build of configuration Nios II for project vip_bsp ****
make all 
[BSP build complete]
14:43:42 **** Incremental Build of configuration Nios II for project vip ****
make all 
Info: Building ../vip_bsp/
J:/intelFPGA/16.1/nios2eds/bin/gnu/H-x86_64-mingw32/bin/make --no-print-directory -C ../vip_bsp/
[BSP build complete]
Info: Compiling move_image.c to obj/default/move_image.o
nios2-elf-gcc -xc -MP -MMD -c -I../vip_bsp//HAL/inc -I../vip_bsp/ -I../vip_bsp//drivers/inc -Ialt_touchscreen -Ialt_tpo_lcd -Ialt_video_display -Iaudio_tvdecoder -Ifonts -Igimp_bmp -Igraphics_lib -Imy_graphics_lib -IVIP_ctrl  -pipe -D__hal__ -DALT_NO_INSTRUCTION_EMULATION -DALT_SINGLE_THREADED    -O0 -g -Wall   -mno-hw-div -mhw-mul -mno-hw-mulx -mgpopt=global  -o obj/default/move_image.o move_image.c
Info: Linking vip.elf
nios2-elf-g++  -T'../vip_bsp//linker.x' -msys-crt0='../vip_bsp//obj/HAL/src/crt0.o' -msys-lib=hal_bsp -L../vip_bsp/   -Wl,-Map=vip.map   -O0 -g -Wall   -mno-hw-div -mhw-mul -mno-hw-mulx -mgpopt=global  -o vip.elf obj/default/alt_touchscreen/I2C_core.o obj/default/alt_touchscreen/debug.o obj/default/alt_touchscreen/multi_touch2.o obj/default/alt_touchscreen/queue.o obj/default/alt_tpo_lcd/alt_tpo_lcd.o obj/default/alt_tpo_lcd/alt_tpo_lcd_console.o obj/default/alt_video_display/alt_video_display.o obj/default/audio.o obj/default/audio_tvdecoder/audio_ctrl.o obj/default/audio_tvdecoder/i2c.o obj/default/audio_tvdecoder/tvdecoder_ctrl.o obj/default/fonts/tahomabold_20.o obj/default/fonts/tahomabold_32.o obj/default/gimp_bmp/gimp_bmp.o obj/default/graphics_lib/simple_graphics.o obj/default/graphics_lib/simple_text.o obj/default/main.o obj/default/move_image.o obj/default/my_app.o obj/default/my_graphics_lib/my_text.o obj/default/VIP_ctrl/VFR_Graphics.o obj/default/VIP_ctrl/vip_wrapper_for_c_func.o -lm -msys-lib=m
nios2-elf-insert vip.elf --thread_model hal --cpu_name nios2_gen2_0 --qsys true --simulation_enabled false --id 0 --sidp 0x4001030 --timestamp 1486360670 --stderr_dev jtag_uart --stdin_dev jtag_uart --stdout_dev jtag_uart --sopc_system_name DE10_Standard_Qsys --quartus_project_dir "K:/SVN/de10-standard/test/mtlc2/dee/vip" --jdi ../..//output_files/DE10_Standard.jdi --sopcinfo K:/SVN/de10-standard/test/mtlc2/dee/vip/software/vip_bsp/../../DE10_Standard_Qsys.sopcinfo
Info: (vip.elf) 296 KBytes program size (code + initialized data).
Info:           16073 KBytes free for stack + heap.
Info: Creating vip.objdump
nios2-elf-objdump --disassemble --syms --all-header --source vip.elf >vip.objdump
[vip build complete]
14:43:45 **** Incremental Build of configuration Nios II for project vip_bsp ****
make all 
[BSP build complete]
14:54:08 **** Incremental Build of configuration Nios II for project vip ****
make all 
Info: Building ../vip_bsp/
J:/intelFPGA/16.1/nios2eds/bin/gnu/H-x86_64-mingw32/bin/make --no-print-directory -C ../vip_bsp/
[BSP build complete]
Info: Compiling move_image.c to obj/default/move_image.o
nios2-elf-gcc -xc -MP -MMD -c -I../vip_bsp//HAL/inc -I../vip_bsp/ -I../vip_bsp//drivers/inc -Ialt_touchscreen -Ialt_tpo_lcd -Ialt_video_display -Iaudio_tvdecoder -Ifonts -Igimp_bmp -Igraphics_lib -Imy_graphics_lib -IVIP_ctrl  -pipe -D__hal__ -DALT_NO_INSTRUCTION_EMULATION -DALT_SINGLE_THREADED    -O0 -g -Wall   -mno-hw-div -mhw-mul -mno-hw-mulx -mgpopt=global  -o obj/default/move_image.o move_image.c
Info: Linking vip.elf
nios2-elf-g++  -T'../vip_bsp//linker.x' -msys-crt0='../vip_bsp//obj/HAL/src/crt0.o' -msys-lib=hal_bsp -L../vip_bsp/   -Wl,-Map=vip.map   -O0 -g -Wall   -mno-hw-div -mhw-mul -mno-hw-mulx -mgpopt=global  -o vip.elf obj/default/alt_touchscreen/I2C_core.o obj/default/alt_touchscreen/debug.o obj/default/alt_touchscreen/multi_touch2.o obj/default/alt_touchscreen/queue.o obj/default/alt_tpo_lcd/alt_tpo_lcd.o obj/default/alt_tpo_lcd/alt_tpo_lcd_console.o obj/default/alt_video_display/alt_video_display.o obj/default/audio.o obj/default/audio_tvdecoder/audio_ctrl.o obj/default/audio_tvdecoder/i2c.o obj/default/audio_tvdecoder/tvdecoder_ctrl.o obj/default/fonts/tahomabold_20.o obj/default/fonts/tahomabold_32.o obj/default/gimp_bmp/gimp_bmp.o obj/default/graphics_lib/simple_graphics.o obj/default/graphics_lib/simple_text.o obj/default/main.o obj/default/move_image.o obj/default/my_app.o obj/default/my_graphics_lib/my_text.o obj/default/VIP_ctrl/VFR_Graphics.o obj/default/VIP_ctrl/vip_wrapper_for_c_func.o -lm -msys-lib=m
nios2-elf-insert vip.elf --thread_model hal --cpu_name nios2_gen2_0 --qsys true --simulation_enabled false --id 0 --sidp 0x4001030 --timestamp 1486360670 --stderr_dev jtag_uart --stdin_dev jtag_uart --stdout_dev jtag_uart --sopc_system_name DE10_Standard_Qsys --quartus_project_dir "K:/SVN/de10-standard/test/mtlc2/dee/vip" --jdi ../..//output_files/DE10_Standard.jdi --sopcinfo K:/SVN/de10-standard/test/mtlc2/dee/vip/software/vip_bsp/../../DE10_Standard_Qsys.sopcinfo
Info: (vip.elf) 297 KBytes program size (code + initialized data).
Info:           16073 KBytes free for stack + heap.
Info: Creating vip.objdump
nios2-elf-objdump --disassemble --syms --all-header --source vip.elf >vip.objdump
[vip build complete]
14:54:11 **** Incremental Build of configuration Nios II for project vip_bsp ****
make all 
[BSP build complete]
15:33:59 **** Incremental Build of configuration Nios II for project vip ****
make all 
Info: Building ../vip_bsp/
J:/intelFPGA/16.1/nios2eds/bin/gnu/H-x86_64-mingw32/bin/make --no-print-directory -C ../vip_bsp/
[BSP build complete]
Info: Compiling move_image.c to obj/default/move_image.o
nios2-elf-gcc -xc -MP -MMD -c -I../vip_bsp//HAL/inc -I../vip_bsp/ -I../vip_bsp//drivers/inc -Ialt_touchscreen -Ialt_tpo_lcd -Ialt_video_display -Iaudio_tvdecoder -Ifonts -Igimp_bmp -Igraphics_lib -Imy_graphics_lib -IVIP_ctrl  -pipe -D__hal__ -DALT_NO_INSTRUCTION_EMULATION -DALT_SINGLE_THREADED    -O0 -g -Wall   -mno-hw-div -mhw-mul -mno-hw-mulx -mgpopt=global  -o obj/default/move_image.o move_image.c
Info: Linking vip.elf
nios2-elf-g++  -T'../vip_bsp//linker.x' -msys-crt0='../vip_bsp//obj/HAL/src/crt0.o' -msys-lib=hal_bsp -L../vip_bsp/   -Wl,-Map=vip.map   -O0 -g -Wall   -mno-hw-div -mhw-mul -mno-hw-mulx -mgpopt=global  -o vip.elf obj/default/alt_touchscreen/I2C_core.o obj/default/alt_touchscreen/debug.o obj/default/alt_touchscreen/multi_touch2.o obj/default/alt_touchscreen/queue.o obj/default/alt_tpo_lcd/alt_tpo_lcd.o obj/default/alt_tpo_lcd/alt_tpo_lcd_console.o obj/default/alt_video_display/alt_video_display.o obj/default/audio.o obj/default/audio_tvdecoder/audio_ctrl.o obj/default/audio_tvdecoder/i2c.o obj/default/audio_tvdecoder/tvdecoder_ctrl.o obj/default/fonts/tahomabold_20.o obj/default/fonts/tahomabold_32.o obj/default/gimp_bmp/gimp_bmp.o obj/default/graphics_lib/simple_graphics.o obj/default/graphics_lib/simple_text.o obj/default/main.o obj/default/move_image.o obj/default/my_app.o obj/default/my_graphics_lib/my_text.o obj/default/VIP_ctrl/VFR_Graphics.o obj/default/VIP_ctrl/vip_wrapper_for_c_func.o -lm -msys-lib=m
nios2-elf-insert vip.elf --thread_model hal --cpu_name nios2_gen2_0 --qsys true --simulation_enabled false --id 0 --sidp 0x4001030 --timestamp 1486360670 --stderr_dev jtag_uart --stdin_dev jtag_uart --stdout_dev jtag_uart --sopc_system_name DE10_Standard_Qsys --quartus_project_dir "K:/SVN/de10-standard/test/mtlc2/dee/vip" --jdi ../..//output_files/DE10_Standard.jdi --sopcinfo K:/SVN/de10-standard/test/mtlc2/dee/vip/software/vip_bsp/../../DE10_Standard_Qsys.sopcinfo
Info: (vip.elf) 296 KBytes program size (code + initialized data).
Info:           16073 KBytes free for stack + heap.
Info: Creating vip.objdump
nios2-elf-objdump --disassemble --syms --all-header --source vip.elf >vip.objdump
[vip build complete]
15:34:01 **** Incremental Build of configuration Nios II for project vip_bsp ****
make all 
[BSP build complete]
